[01m[K/home/rrqq/towr_workspace/src/towr/towr_ros/src/goal_pose_publisher.cc:[m[K In function â€˜[01m[Kvoid towr::UserCommandCallback(const TowrCommand&)[m[Kâ€™:
[01m[K/home/rrqq/towr_workspace/src/towr/towr_ros/src/goal_pose_publisher.cc:133:5:[m[K [01;31m[Kerror: [m[Kâ€˜[01m[Kgoal_pos_x[m[Kâ€™ was not declared in this scope
     [01;31m[Kgoal_pos_x[m[K = goal_msg.pose.position.x;
     [01;31m[K^~~~~~~~~~[m[K
[01m[K/home/rrqq/towr_workspace/src/towr/towr_ros/src/goal_pose_publisher.cc:133:5:[m[K [01;36m[Knote: [m[Ksuggested alternative: â€˜[01m[Kgoal_msg[m[Kâ€™
     [01;36m[Kgoal_pos_x[m[K = goal_msg.pose.position.x;
     [01;36m[K^~~~~~~~~~[m[K
     [32m[Kgoal_msg[m[K
[01m[K/home/rrqq/towr_workspace/src/towr/towr_ros/src/goal_pose_publisher.cc:134:5:[m[K [01;31m[Kerror: [m[Kâ€˜[01m[Kgoal_pos_y[m[Kâ€™ was not declared in this scope
     [01;31m[Kgoal_pos_y[m[K = goal_msg.pose.position.y;
     [01;31m[K^~~~~~~~~~[m[K
[01m[K/home/rrqq/towr_workspace/src/towr/towr_ros/src/goal_pose_publisher.cc:134:5:[m[K [01;36m[Knote: [m[Ksuggested alternative: â€˜[01m[Kgoal_msg[m[Kâ€™
     [01;36m[Kgoal_pos_y[m[K = goal_msg.pose.position.y;
     [01;36m[K^~~~~~~~~~[m[K
     [32m[Kgoal_msg[m[K
[01m[K/home/rrqq/towr_workspace/src/towr/towr_ros/src/goal_pose_publisher.cc:135:5:[m[K [01;31m[Kerror: [m[Kâ€˜[01m[Kgoal_pos_z[m[Kâ€™ was not declared in this scope
     [01;31m[Kgoal_pos_z[m[K = goal_msg.pose.position.z;
     [01;31m[K^~~~~~~~~~[m[K
[01m[K/home/rrqq/towr_workspace/src/towr/towr_ros/src/goal_pose_publisher.cc:135:5:[m[K [01;36m[Knote: [m[Ksuggested alternative: â€˜[01m[Kgoal_msg[m[Kâ€™
     [01;36m[Kgoal_pos_z[m[K = goal_msg.pose.position.z;
     [01;36m[K^~~~~~~~~~[m[K
     [32m[Kgoal_msg[m[K
[01m[K/home/rrqq/towr_workspace/src/towr/towr_ros/src/goal_pose_publisher.cc:136:5:[m[K [01;31m[Kerror: [m[Kâ€˜[01m[Kgoal_q_x[m[Kâ€™ was not declared in this scope
     [01;31m[Kgoal_q_x[m[K = q.x();
     [01;31m[K^~~~~~~~[m[K
[01m[K/home/rrqq/towr_workspace/src/towr/towr_ros/src/goal_pose_publisher.cc:136:5:[m[K [01;36m[Knote: [m[Ksuggested alternative: â€˜[01m[Kgoal_msg[m[Kâ€™
     [01;36m[Kgoal_q_x[m[K = q.x();
     [01;36m[K^~~~~~~~[m[K
     [32m[Kgoal_msg[m[K
[01m[K/home/rrqq/towr_workspace/src/towr/towr_ros/src/goal_pose_publisher.cc:137:5:[m[K [01;31m[Kerror: [m[Kâ€˜[01m[Kgoal_q_y[m[Kâ€™ was not declared in this scope
     [01;31m[Kgoal_q_y[m[K = q.y();
     [01;31m[K^~~~~~~~[m[K
[01m[K/home/rrqq/towr_workspace/src/towr/towr_ros/src/goal_pose_publisher.cc:137:5:[m[K [01;36m[Knote: [m[Ksuggested alternative: â€˜[01m[Kgoal_msg[m[Kâ€™
     [01;36m[Kgoal_q_y[m[K = q.y();
     [01;36m[K^~~~~~~~[m[K
     [32m[Kgoal_msg[m[K
[01m[K/home/rrqq/towr_workspace/src/towr/towr_ros/src/goal_pose_publisher.cc:138:5:[m[K [01;31m[Kerror: [m[Kâ€˜[01m[Kgoal_q_z[m[Kâ€™ was not declared in this scope
     [01;31m[Kgoal_q_z[m[K = q.z();
     [01;31m[K^~~~~~~~[m[K
[01m[K/home/rrqq/towr_workspace/src/towr/towr_ros/src/goal_pose_publisher.cc:138:5:[m[K [01;36m[Knote: [m[Ksuggested alternative: â€˜[01m[Kgoal_msg[m[Kâ€™
     [01;36m[Kgoal_q_z[m[K = q.z();
     [01;36m[K^~~~~~~~[m[K
     [32m[Kgoal_msg[m[K
[01m[K/home/rrqq/towr_workspace/src/towr/towr_ros/src/goal_pose_publisher.cc:139:5:[m[K [01;31m[Kerror: [m[Kâ€˜[01m[Kgoal_q_w[m[Kâ€™ was not declared in this scope
     [01;31m[Kgoal_q_w[m[K = q.w();
     [01;31m[K^~~~~~~~[m[K
[01m[K/home/rrqq/towr_workspace/src/towr/towr_ros/src/goal_pose_publisher.cc:139:5:[m[K [01;36m[Knote: [m[Ksuggested alternative: â€˜[01m[Kgoal_msg[m[Kâ€™
     [01;36m[Kgoal_q_w[m[K = q.w();
     [01;36m[K^~~~~~~~[m[K
     [32m[Kgoal_msg[m[K
make[2]: *** [CMakeFiles/towr_ros.dir/src/goal_pose_publisher.cc.o] Error 1
make[1]: *** [CMakeFiles/towr_ros.dir/all] Error 2
make[1]: *** Waiting for unfinished jobs....
/usr/bin/ld: warning: /usr/lib/gcc/x86_64-linux-gnu/7/libstdc++.so: unsupported GNU_PROPERTY_TYPE (5) type: 0xc0010001
/usr/bin/ld: warning: /usr/lib/gcc/x86_64-linux-gnu/7/libstdc++.so: unsupported GNU_PROPERTY_TYPE (5) type: 0xc0010002
make: *** [all] Error 2
