[01m[K/home/rrqq/towr_workspace/src/towr/towr_ros/src/rviz_terrain_publisher.cc:[m[K In function â€˜[01m[Kvoid towr::UserCommandCallback(const TowrCommand&)[m[Kâ€™:
[01m[K/home/rrqq/towr_workspace/src/towr/towr_ros/src/rviz_terrain_publisher.cc:99:6:[m[K [01;31m[Kerror: [m[Kâ€˜[01m[Kloginfo[m[Kâ€™ is not a member of â€˜[01m[Kros[m[Kâ€™
 ros::[01;31m[Kloginfo[m[K("here!!!!!!!!!!!!!!!!!!!!");
      [01;31m[K^~~~~~~[m[K
make[2]: *** [CMakeFiles/rviz_terrain_publisher.dir/src/rviz_terrain_publisher.cc.o] Error 1
make[1]: *** [CMakeFiles/rviz_terrain_publisher.dir/all] Error 2
make: *** [all] Error 2
