/usr/bin/ld: warning: /usr/lib/gcc/x86_64-linux-gnu/7/libstdc++.so: unsupported GNU_PROPERTY_TYPE (5) type: 0xc0010001
/usr/bin/ld: warning: /usr/lib/gcc/x86_64-linux-gnu/7/libstdc++.so: unsupported GNU_PROPERTY_TYPE (5) type: 0xc0010002
/usr/bin/ld: warning: /usr/lib/gcc/x86_64-linux-gnu/7/libstdc++.so: unsupported GNU_PROPERTY_TYPE (5) type: 0xc0010001
/usr/bin/ld: warning: /usr/lib/gcc/x86_64-linux-gnu/7/libstdc++.so: unsupported GNU_PROPERTY_TYPE (5) type: 0xc0010002
CMakeFiles/towr_user_interface.dir/src/towr_ros_interface.cc.o: In function `__static_initialization_and_destruction_0(int, int)':
towr_ros_interface.cc:(.text+0x5029): undefined reference to `towr::GoalPublusher::GoalPublusher()'
collect2: error: ld returned 1 exit status
make[2]: *** [/home/rrqq/towr_workspace/devel/.private/towr_ros/lib/towr_ros/towr_user_interface] Error 1
make[1]: *** [CMakeFiles/towr_user_interface.dir/all] Error 2
make[1]: *** Waiting for unfinished jobs....
/usr/bin/ld: warning: /usr/lib/gcc/x86_64-linux-gnu/7/libstdc++.so: unsupported GNU_PROPERTY_TYPE (5) type: 0xc0010001
/usr/bin/ld: warning: /usr/lib/gcc/x86_64-linux-gnu/7/libstdc++.so: unsupported GNU_PROPERTY_TYPE (5) type: 0xc0010002
/home/rrqq/towr_workspace/devel/.private/towr_ros/lib/libtowr_ros.so: undefined reference to `towr::GoalPublusher::GoalPublusher()'
collect2: error: ld returned 1 exit status
make[2]: *** [/home/rrqq/towr_workspace/devel/.private/towr_ros/lib/towr_ros/towr_ros_app] Error 1
make[1]: *** [CMakeFiles/towr_ros_app.dir/all] Error 2
/usr/bin/ld: warning: /usr/lib/gcc/x86_64-linux-gnu/7/libstdc++.so: unsupported GNU_PROPERTY_TYPE (5) type: 0xc0010001
/usr/bin/ld: warning: /usr/lib/gcc/x86_64-linux-gnu/7/libstdc++.so: unsupported GNU_PROPERTY_TYPE (5) type: 0xc0010002
CMakeFiles/goal_pose_publisher.dir/src/towr_ros_interface.cc.o: In function `__static_initialization_and_destruction_0(int, int)':
towr_ros_interface.cc:(.text+0x5029): undefined reference to `towr::GoalPublusher::GoalPublusher()'
collect2: error: ld returned 1 exit status
make[2]: *** [/home/rrqq/towr_workspace/devel/.private/towr_ros/lib/towr_ros/goal_pose_publisher] Error 1
make[1]: *** [CMakeFiles/goal_pose_publisher.dir/all] Error 2
make: *** [all] Error 2
