/usr/bin/ld: warning: /usr/lib/gcc/x86_64-linux-gnu/7/libstdc++.so: unsupported GNU_PROPERTY_TYPE (5) type: 0xc0010001
/usr/bin/ld: warning: /usr/lib/gcc/x86_64-linux-gnu/7/libstdc++.so: unsupported GNU_PROPERTY_TYPE (5) type: 0xc0010002
/usr/bin/ld: warning: /usr/lib/gcc/x86_64-linux-gnu/7/libstdc++.so: unsupported GNU_PROPERTY_TYPE (5) type: 0xc0010001
/usr/bin/ld: warning: /usr/lib/gcc/x86_64-linux-gnu/7/libstdc++.so: unsupported GNU_PROPERTY_TYPE (5) type: 0xc0010002
/home/rrqq/towr_workspace/devel/.private/towr_ros/lib/libtowr_ros.so: undefined reference to `goal_pos_x'
/home/rrqq/towr_workspace/devel/.private/towr_ros/lib/libtowr_ros.so: undefined reference to `goal_pos_y'
/home/rrqq/towr_workspace/devel/.private/towr_ros/lib/libtowr_ros.so: undefined reference to `goal_pos_z'
/home/rrqq/towr_workspace/devel/.private/towr_ros/lib/libtowr_ros.so: undefined reference to `goal_q_w'
/home/rrqq/towr_workspace/devel/.private/towr_ros/lib/libtowr_ros.so: undefined reference to `goal_q_y'
/home/rrqq/towr_workspace/devel/.private/towr_ros/lib/libtowr_ros.so: undefined reference to `goal_q_x'
/home/rrqq/towr_workspace/devel/.private/towr_ros/lib/libtowr_ros.so: undefined reference to `goal_q_z'
collect2: error: ld returned 1 exit status
make[2]: *** [/home/rrqq/towr_workspace/devel/.private/towr_ros/lib/towr_ros/towr_ros_app] Error 1
make[1]: *** [CMakeFiles/towr_ros_app.dir/all] Error 2
make[1]: *** Waiting for unfinished jobs....
/usr/bin/ld: warning: /usr/lib/gcc/x86_64-linux-gnu/7/libstdc++.so: unsupported GNU_PROPERTY_TYPE (5) type: 0xc0010001
/usr/bin/ld: warning: /usr/lib/gcc/x86_64-linux-gnu/7/libstdc++.so: unsupported GNU_PROPERTY_TYPE (5) type: 0xc0010002
CMakeFiles/goal_pose_publisher.dir/src/towr_ros_interface.cc.o: In function `towr::TowrRosInterface::GetTrajectory() const':
towr_ros_interface.cc:(.text+0x1d49): undefined reference to `goal_q_w'
towr_ros_interface.cc:(.text+0x1d51): undefined reference to `goal_q_z'
towr_ros_interface.cc:(.text+0x1d59): undefined reference to `goal_q_y'
towr_ros_interface.cc:(.text+0x1d61): undefined reference to `goal_q_x'
towr_ros_interface.cc:(.text+0x1d69): undefined reference to `goal_pos_z'
towr_ros_interface.cc:(.text+0x1d71): undefined reference to `goal_pos_y'
towr_ros_interface.cc:(.text+0x1d78): undefined reference to `goal_pos_x'
towr_ros_interface.cc:(.text+0x1dc2): undefined reference to `goal_q_w'
towr_ros_interface.cc:(.text+0x1dca): undefined reference to `goal_q_z'
towr_ros_interface.cc:(.text+0x1dd2): undefined reference to `goal_q_y'
towr_ros_interface.cc:(.text+0x1dda): undefined reference to `goal_q_x'
towr_ros_interface.cc:(.text+0x1de2): undefined reference to `goal_pos_z'
towr_ros_interface.cc:(.text+0x1dea): undefined reference to `goal_pos_y'
towr_ros_interface.cc:(.text+0x1df1): undefined reference to `goal_pos_x'
CMakeFiles/goal_pose_publisher.dir/src/goal_pose_publisher.cc.o: In function `towr::UserCommandCallback(towr_ros::TowrCommand_<std::allocator<void> > const&)':
goal_pose_publisher.cc:(.text+0x4b3): undefined reference to `goal_pos_x'
goal_pose_publisher.cc:(.text+0x4c0): undefined reference to `goal_pos_y'
goal_pose_publisher.cc:(.text+0x4cd): undefined reference to `goal_pos_z'
goal_pose_publisher.cc:(.text+0x4e8): undefined reference to `goal_q_x'
goal_pose_publisher.cc:(.text+0x503): undefined reference to `goal_q_y'
goal_pose_publisher.cc:(.text+0x51e): undefined reference to `goal_q_z'
goal_pose_publisher.cc:(.text+0x539): undefined reference to `goal_q_w'
goal_pose_publisher.cc:(.text+0x541): undefined reference to `goal_q_w'
goal_pose_publisher.cc:(.text+0x549): undefined reference to `goal_q_z'
goal_pose_publisher.cc:(.text+0x551): undefined reference to `goal_q_y'
goal_pose_publisher.cc:(.text+0x559): undefined reference to `goal_q_x'
goal_pose_publisher.cc:(.text+0x561): undefined reference to `goal_pos_z'
goal_pose_publisher.cc:(.text+0x569): undefined reference to `goal_pos_y'
goal_pose_publisher.cc:(.text+0x570): undefined reference to `goal_pos_x'
collect2: error: ld returned 1 exit status
make[2]: *** [/home/rrqq/towr_workspace/devel/.private/towr_ros/lib/towr_ros/goal_pose_publisher] Error 1
make[1]: *** [CMakeFiles/goal_pose_publisher.dir/all] Error 2
make: *** [all] Error 2
