[01m[K/home/rrqq/towr_workspace/src/towr/towr_ros/src/towr_user_interface.cc:[m[K In function â€˜[01m[Kint main(int, char**)[m[Kâ€™:
[01m[K/home/rrqq/towr_workspace/src/towr/towr_ros/src/towr_user_interface.cc:425:9:[m[K [01;31m[Kerror: [m[Kexpected â€˜[01m[K;[m[Kâ€™ before â€˜[01m[Ktime_step[m[Kâ€™
         [01;31m[Ktime_step[m[K ++;
         [01;31m[K^~~~~~~~~[m[K
make[2]: *** [CMakeFiles/towr_user_interface.dir/src/towr_user_interface.cc.o] Error 1
make[1]: *** [CMakeFiles/towr_user_interface.dir/all] Error 2
make: *** [all] Error 2
