[01m[K/home/rrqq/towr_workspace/src/towr/towr_ros/src/towr_ros_interface.cc:[m[K In member function â€˜[01m[Ktowr::TowrRosInterface::XppVec towr::TowrRosInterface::GetTrajectory() const[m[Kâ€™:
[01m[K/home/rrqq/towr_workspace/src/towr/towr_ros/src/towr_ros_interface.cc:213:20:[m[K [01;31m[Kerror: [m[Kâ€˜[01m[Kgoal_publisher[m[Kâ€™ was not declared in this scope
     goal_set_get = [01;31m[Kgoal_publisher[m[K.GetGoal();
                    [01;31m[K^~~~~~~~~~~~~~[m[K
make[2]: *** [CMakeFiles/towr_ros.dir/src/towr_ros_interface.cc.o] Error 1
make[1]: *** [CMakeFiles/towr_ros.dir/all] Error 2
make: *** [all] Error 2
