[01m[K/home/rrqq/towr_workspace/src/towr/towr_ros/src/goal_pose_publisher.cc:[m[K In function â€˜[01m[Kvoid SetGoal(double&, double&, double&, double&, double&, double&, double&)[m[Kâ€™:
[01m[K/home/rrqq/towr_workspace/src/towr/towr_ros/src/goal_pose_publisher.cc:85:18:[m[K [01;31m[Kerror: [m[Kâ€˜[01m[Kgoal_msg[m[Kâ€™ was not declared in this scope
     goal_pos_x = [01;31m[Kgoal_msg[m[K.pose.position.x;
                  [01;31m[K^~~~~~~~[m[K
[01m[K/home/rrqq/towr_workspace/src/towr/towr_ros/src/goal_pose_publisher.cc:85:18:[m[K [01;36m[Knote: [m[Ksuggested alternative: â€˜[01m[Kgoal_q_x[m[Kâ€™
     goal_pos_x = [01;36m[Kgoal_msg[m[K.pose.position.x;
                  [01;36m[K^~~~~~~~[m[K
                  [32m[Kgoal_q_x[m[K
[01m[K/home/rrqq/towr_workspace/src/towr/towr_ros/src/goal_pose_publisher.cc:88:16:[m[K [01;31m[Kerror: [m[Kâ€˜[01m[Kq[m[Kâ€™ was not declared in this scope
     goal_q_x = [01;31m[Kq[m[K.x();
                [01;31m[K^[m[K
make[2]: *** [CMakeFiles/towr_ros.dir/src/goal_pose_publisher.cc.o] Error 1
make[1]: *** [CMakeFiles/towr_ros.dir/all] Error 2
make: *** [all] Error 2
