[01m[K/home/rrqq/towr_workspace/src/towr/towr/src/height_map.cc:[m[K In static member function â€˜[01m[Kstatic towr::HeightMap::Ptr towr::HeightMap::MakeTerrain(towr::HeightMap::TerrainID)[m[Kâ€™:
[01m[K/home/rrqq/towr_workspace/src/towr/towr/src/height_map.cc:56:5:[m[K [01;31m[Kerror: [m[Kâ€˜[01m[KSampleTerrainParameters[m[Kâ€™ was not declared in this scope
     [01;31m[KSampleTerrainParameters[m[K(type);
     [01;31m[K^~~~~~~~~~~~~~~~~~~~~~~[m[K
make[2]: *** [CMakeFiles/towr.dir/src/height_map.cc.o] Error 1
make[1]: *** [CMakeFiles/towr.dir/all] Error 2
make: *** [all] Error 2
