[01m[K/home/rrqq/towr_workspace/src/towr/towr/src/robot_model.cc:[m[K In constructor â€˜[01m[Ktowr::RobotModel::RobotModel(towr::RobotModel::Robot)[m[Kâ€™:
[01m[K/home/rrqq/towr_workspace/src/towr/towr/src/robot_model.cc:61:43:[m[K [01;31m[Kerror: [m[Kâ€˜[01m[KJueYingDynamicModel[m[Kâ€™ was not declared in this scope
       dynamic_model_   = std::make_shared<[01;31m[KJueYingDynamicModel[m[K>();
                                           [01;31m[K^~~~~~~~~~~~~~~~~~~[m[K
[01m[K/home/rrqq/towr_workspace/src/towr/towr/src/robot_model.cc:61:43:[m[K [01;36m[Knote: [m[Ksuggested alternative: â€˜[01m[KAnymalDynamicModel[m[Kâ€™
       dynamic_model_   = std::make_shared<[01;36m[KJueYingDynamicModel[m[K>();
                                           [01;36m[K^~~~~~~~~~~~~~~~~~~[m[K
                                           [32m[KAnymalDynamicModel[m[K
[01m[K/home/rrqq/towr_workspace/src/towr/towr/src/robot_model.cc:61:64:[m[K [01;31m[Kerror: [m[Kno matching function for call to â€˜[01m[Kmake_shared<<expression error> >()[m[Kâ€™
       dynamic_model_   = std::make_shared<JueYingDynamicModel>([01;31m[K)[m[K;
                                                                [01;31m[K^[m[K
In file included from [01m[K/usr/include/c++/7/memory:81:0[m[K,
                 from [01m[K/home/rrqq/towr_workspace/src/towr/towr/include/towr/models/dynamic_model.h:33[m[K,
                 from [01m[K/home/rrqq/towr_workspace/src/towr/towr/include/towr/models/robot_model.h:36[m[K,
                 from [01m[K/home/rrqq/towr_workspace/src/towr/towr/src/robot_model.cc:30[m[K:
[01m[K/usr/include/c++/7/bits/shared_ptr.h:703:5:[m[K [01;36m[Knote: [m[Kcandidate: template<class _Tp, class ... _Args> std::shared_ptr<_Tp> std::make_shared(_Args&& ...)
     [01;36m[Kmake_shared[m[K(_Args&&... __args)
     [01;36m[K^~~~~~~~~~~[m[K
[01m[K/usr/include/c++/7/bits/shared_ptr.h:703:5:[m[K [01;36m[Knote: [m[K  template argument deduction/substitution failed:
[01m[K/home/rrqq/towr_workspace/src/towr/towr/src/robot_model.cc:61:64:[m[K [01;31m[Kerror: [m[Ktemplate argument 1 is invalid
       dynamic_model_   = std::make_shared<JueYingDynamicModel>([01;31m[K)[m[K;
                                                                [01;31m[K^[m[K
[01m[K/home/rrqq/towr_workspace/src/towr/towr/src/robot_model.cc:62:43:[m[K [01;31m[Kerror: [m[Kâ€˜[01m[KJueYingKinematicModel[m[Kâ€™ was not declared in this scope
       kinematic_model_ = std::make_shared<[01;31m[KJueYingKinematicModel[m[K>();
                                           [01;31m[K^~~~~~~~~~~~~~~~~~~~~[m[K
[01m[K/home/rrqq/towr_workspace/src/towr/towr/src/robot_model.cc:62:43:[m[K [01;36m[Knote: [m[Ksuggested alternative: â€˜[01m[KAnymalKinematicModel[m[Kâ€™
       kinematic_model_ = std::make_shared<[01;36m[KJueYingKinematicModel[m[K>();
                                           [01;36m[K^~~~~~~~~~~~~~~~~~~~~[m[K
                                           [32m[KAnymalKinematicModel[m[K
[01m[K/home/rrqq/towr_workspace/src/towr/towr/src/robot_model.cc:62:66:[m[K [01;31m[Kerror: [m[Kno matching function for call to â€˜[01m[Kmake_shared<<expression error> >()[m[Kâ€™
       kinematic_model_ = std::make_shared<JueYingKinematicModel>([01;31m[K)[m[K;
                                                                  [01;31m[K^[m[K
In file included from [01m[K/usr/include/c++/7/memory:81:0[m[K,
                 from [01m[K/home/rrqq/towr_workspace/src/towr/towr/include/towr/models/dynamic_model.h:33[m[K,
                 from [01m[K/home/rrqq/towr_workspace/src/towr/towr/include/towr/models/robot_model.h:36[m[K,
                 from [01m[K/home/rrqq/towr_workspace/src/towr/towr/src/robot_model.cc:30[m[K:
[01m[K/usr/include/c++/7/bits/shared_ptr.h:703:5:[m[K [01;36m[Knote: [m[Kcandidate: template<class _Tp, class ... _Args> std::shared_ptr<_Tp> std::make_shared(_Args&& ...)
     [01;36m[Kmake_shared[m[K(_Args&&... __args)
     [01;36m[K^~~~~~~~~~~[m[K
[01m[K/usr/include/c++/7/bits/shared_ptr.h:703:5:[m[K [01;36m[Knote: [m[K  template argument deduction/substitution failed:
[01m[K/home/rrqq/towr_workspace/src/towr/towr/src/robot_model.cc:62:66:[m[K [01;31m[Kerror: [m[Ktemplate argument 1 is invalid
       kinematic_model_ = std::make_shared<JueYingKinematicModel>([01;31m[K)[m[K;
                                                                  [01;31m[K^[m[K
make[2]: *** [CMakeFiles/towr.dir/src/robot_model.cc.o] Error 1
make[1]: *** [CMakeFiles/towr.dir/all] Error 2
make: *** [all] Error 2
